<?xml version='1.0' encoding='UTF-8'?>
<testsuite hostname="Bens-MacBook-Pro-2.local" name="ShoppingSpec" tests="8" errors="0" failures="0" skipped="0" time="0.023" timestamp="2021-03-29T20:59:18">
                     <properties>
      <property name="java.specification.version" value="15"/><property name="sun.jnu.encoding" value="UTF-8"/><property name="sun.arch.data.model" value="64"/><property name="java.vendor.url" value="https://openjdk.java.net/"/><property name="sun.boot.library.path" value="/usr/local/Cellar/openjdk/15.0.2/libexec/openjdk.jdk/Contents/Home/lib"/><property name="sun.java.command" value="/usr/local/Cellar/sbt/1.4.9/libexec/bin/sbt-launch.jar"/><property name="jdk.debug" value="release"/><property name="java.specification.vendor" value="Oracle Corporation"/><property name="java.version.date" value="2021-01-19"/><property name="java.home" value="/usr/local/Cellar/openjdk/15.0.2/libexec/openjdk.jdk/Contents/Home"/><property name="file.separator" value="/"/><property name="java.vm.compressedOopsMode" value="Zero based"/><property name="line.separator" value="
"/><property name="java.vm.specification.vendor" value="Oracle Corporation"/><property name="java.specification.name" value="Java Platform API Specification"/><property name="sun.management.compiler" value="HotSpot 64-Bit Tiered Compilers"/><property name="java.runtime.version" value="15.0.2+7"/><property name="user.name" value="benomac"/><property name="log4j.ignoreTCL" value="true"/><property name="file.encoding" value="UTF-8"/><property name="jnidispatch.path" value="/Users/benomac/Library/Caches/JNA/temp/jna2263546250853045371.tmp"/><property name="jna.loaded" value="true"/><property name="java.io.tmpdir" value="/var/folders/vr/h7n_c7ms1392t22029prklq40000gn/T/"/><property name="java.version" value="15.0.2"/><property name="java.vm.specification.name" value="Java Virtual Machine Specification"/><property name="java.library.path" value="/Users/benomac/Library/Java/Extensions:/Library/Java/Extensions:/Network/Library/Java/Extensions:/System/Library/Java/Extensions:/usr/lib/java:."/><property name="java.vendor" value="N/A"/><property name="scala.ext.dirs" value="/Users/benomac/.sbt/0.13/java9-rt-ext-n_a_15_0_2"/><property name="sun.io.unicode.encoding" value="UnicodeBig"/><property name="socksNonProxyHosts" value="local|*.local|169.254/16|*.169.254/16"/><property name="java.class.path" value="/usr/local/Cellar/sbt/1.4.9/libexec/bin/sbt-launch.jar"/><property name="java.vm.vendor" value="Oracle Corporation"/><property name="jline.shutdownhook" value="false"/><property name="user.timezone" value="Europe/London"/><property name="java.vm.specification.version" value="15"/><property name="os.name" value="Mac OS X"/><property name="sun.java.launcher" value="SUN_STANDARD"/><property name="user.country" value="GB"/><property name="http.nonProxyHosts" value="local|*.local|169.254/16|*.169.254/16"/><property name="sun.cpu.endian" value="little"/><property name="user.home" value="/Users/benomac"/><property name="user.language" value="en"/><property name="swoval.tmpdir" value="/Users/benomac/.sbt/1.0"/><property name="jline.esc.timeout" value="0"/><property name="ftp.nonProxyHosts" value="local|*.local|169.254/16|*.169.254/16"/><property name="path.separator" value=":"/><property name="os.version" value="10.15.7"/><property name="jna.nosys" value="true"/><property name="java.runtime.name" value="OpenJDK Runtime Environment"/><property name="java.vm.name" value="OpenJDK 64-Bit Server VM"/><property name="jna.platform.library.path" value="/usr/lib:/usr/lib"/><property name="java.vendor.url.bug" value="https://bugreport.java.com/bugreport/"/><property name="user.dir" value="/Users/benomac/code/scala/shopping/shopping"/><property name="os.arch" value="x86_64"/><property name="java.vm.info" value="mixed mode, sharing"/><property name="java.vm.version" value="15.0.2+7"/><property name="java.class.version" value="59.0"/>
    </properties>
                     <testcase classname="ShoppingSpec" name="priceForDeals should return the cost for items that made the deal quantity" time="0.013">
                                                 
                                               </testcase><testcase classname="ShoppingSpec" name="priceForNoDeals should return the cost of remainder items that didn't make the deal quantity" time="0.001">
                                                 
                                               </testcase><testcase classname="ShoppingSpec" name="priceWhenItemHasNoDealValues should return the price for a number of items that have no deal values" time="0.0">
                                                 
                                               </testcase><testcase classname="ShoppingSpec" name="removeInvalidItems should return a string only of item in the costs map" time="0.004">
                                                 
                                               </testcase><testcase classname="ShoppingSpec" name="removeInvalidItems should not blow up if an item is invalid" time="0.0">
                                                 
                                               </testcase><testcase classname="ShoppingSpec" name="createToBuyMap should return a map of key: items, value: number of itmes" time="0.002">
                                                 
                                               </testcase><testcase classname="ShoppingSpec" name="total should return the total cost of the items 'aacba'" time="0.003">
                                                 
                                               </testcase><testcase classname="ShoppingSpec" name="updatePriceMap should return an updated  map of costs" time="0.0">
                                                 
                                               </testcase>
                     <system-out><![CDATA[]]></system-out>
                     <system-err><![CDATA[]]></system-err>
                   </testsuite>